mode: set
github.com/iluyuns/alpha-trade/internal/backtest/loader/csv_loader.go:24.56,30.38 2 1
github.com/iluyuns/alpha-trade/internal/backtest/loader/csv_loader.go:30.38,32.3 1 1
github.com/iluyuns/alpha-trade/internal/backtest/loader/csv_loader.go:34.2,34.20 1 1
github.com/iluyuns/alpha-trade/internal/backtest/loader/csv_loader.go:38.34,40.16 2 1
github.com/iluyuns/alpha-trade/internal/backtest/loader/csv_loader.go:40.16,42.3 1 1
github.com/iluyuns/alpha-trade/internal/backtest/loader/csv_loader.go:43.2,48.41 3 1
github.com/iluyuns/alpha-trade/internal/backtest/loader/csv_loader.go:48.41,50.3 1 0
github.com/iluyuns/alpha-trade/internal/backtest/loader/csv_loader.go:52.2,54.6 2 1
github.com/iluyuns/alpha-trade/internal/backtest/loader/csv_loader.go:54.6,56.20 2 1
github.com/iluyuns/alpha-trade/internal/backtest/loader/csv_loader.go:56.20,57.9 1 1
github.com/iluyuns/alpha-trade/internal/backtest/loader/csv_loader.go:59.3,59.17 1 1
github.com/iluyuns/alpha-trade/internal/backtest/loader/csv_loader.go:59.17,61.4 1 0
github.com/iluyuns/alpha-trade/internal/backtest/loader/csv_loader.go:63.3,64.17 2 1
github.com/iluyuns/alpha-trade/internal/backtest/loader/csv_loader.go:64.17,65.12 1 0
github.com/iluyuns/alpha-trade/internal/backtest/loader/csv_loader.go:68.3,68.36 1 1
github.com/iluyuns/alpha-trade/internal/backtest/loader/csv_loader.go:72.2,72.42 1 1
github.com/iluyuns/alpha-trade/internal/backtest/loader/csv_loader.go:72.42,74.3 1 1
github.com/iluyuns/alpha-trade/internal/backtest/loader/csv_loader.go:76.2,77.12 2 1
github.com/iluyuns/alpha-trade/internal/backtest/loader/csv_loader.go:82.73,83.21 1 1
github.com/iluyuns/alpha-trade/internal/backtest/loader/csv_loader.go:83.21,85.3 1 0
github.com/iluyuns/alpha-trade/internal/backtest/loader/csv_loader.go:88.2,89.16 2 1
github.com/iluyuns/alpha-trade/internal/backtest/loader/csv_loader.go:89.16,91.3 1 0
github.com/iluyuns/alpha-trade/internal/backtest/loader/csv_loader.go:94.2,95.22 2 1
github.com/iluyuns/alpha-trade/internal/backtest/loader/csv_loader.go:95.22,98.3 1 1
github.com/iluyuns/alpha-trade/internal/backtest/loader/csv_loader.go:98.8,101.3 1 0
github.com/iluyuns/alpha-trade/internal/backtest/loader/csv_loader.go:103.2,104.16 2 1
github.com/iluyuns/alpha-trade/internal/backtest/loader/csv_loader.go:104.16,106.3 1 0
github.com/iluyuns/alpha-trade/internal/backtest/loader/csv_loader.go:108.2,109.16 2 1
github.com/iluyuns/alpha-trade/internal/backtest/loader/csv_loader.go:109.16,111.3 1 0
github.com/iluyuns/alpha-trade/internal/backtest/loader/csv_loader.go:113.2,114.16 2 1
github.com/iluyuns/alpha-trade/internal/backtest/loader/csv_loader.go:114.16,116.3 1 0
github.com/iluyuns/alpha-trade/internal/backtest/loader/csv_loader.go:118.2,119.16 2 1
github.com/iluyuns/alpha-trade/internal/backtest/loader/csv_loader.go:119.16,121.3 1 0
github.com/iluyuns/alpha-trade/internal/backtest/loader/csv_loader.go:123.2,124.16 2 1
github.com/iluyuns/alpha-trade/internal/backtest/loader/csv_loader.go:124.16,126.3 1 0
github.com/iluyuns/alpha-trade/internal/backtest/loader/csv_loader.go:128.2,139.8 1 1
github.com/iluyuns/alpha-trade/internal/backtest/loader/csv_loader.go:143.51,144.18 1 1
github.com/iluyuns/alpha-trade/internal/backtest/loader/csv_loader.go:144.18,146.3 1 0
github.com/iluyuns/alpha-trade/internal/backtest/loader/csv_loader.go:148.2,150.20 3 1
github.com/iluyuns/alpha-trade/internal/backtest/loader/csv_loader.go:154.36,156.2 1 1
github.com/iluyuns/alpha-trade/internal/backtest/loader/csv_loader.go:159.41,160.18 1 1
github.com/iluyuns/alpha-trade/internal/backtest/loader/csv_loader.go:160.18,162.3 1 0
github.com/iluyuns/alpha-trade/internal/backtest/loader/csv_loader.go:163.2,163.30 1 1
github.com/iluyuns/alpha-trade/internal/backtest/loader/csv_loader.go:163.30,165.3 1 0
github.com/iluyuns/alpha-trade/internal/backtest/loader/csv_loader.go:166.2,166.50 1 1
github.com/iluyuns/alpha-trade/internal/backtest/loader/csv_loader.go:170.29,172.2 1 1
github.com/iluyuns/alpha-trade/internal/backtest/loader/csv_loader.go:175.33,177.2 1 1
github.com/iluyuns/alpha-trade/internal/backtest/loader/csv_loader.go:180.46,181.35 1 1
github.com/iluyuns/alpha-trade/internal/backtest/loader/csv_loader.go:181.35,183.3 1 1
github.com/iluyuns/alpha-trade/internal/backtest/loader/csv_loader.go:187.50,188.35 1 1
github.com/iluyuns/alpha-trade/internal/backtest/loader/csv_loader.go:188.35,190.3 1 1
github.com/iluyuns/alpha-trade/internal/infra/risk/memory_repo.go:20.40,24.2 1 1
github.com/iluyuns/alpha-trade/internal/infra/risk/memory_repo.go:27.109,33.13 5 1
github.com/iluyuns/alpha-trade/internal/infra/risk/memory_repo.go:33.13,36.3 1 0
github.com/iluyuns/alpha-trade/internal/infra/risk/memory_repo.go:39.2,39.30 1 1
github.com/iluyuns/alpha-trade/internal/infra/risk/memory_repo.go:43.87,50.2 5 1
github.com/iluyuns/alpha-trade/internal/infra/risk/memory_repo.go:53.107,59.13 5 1
github.com/iluyuns/alpha-trade/internal/infra/risk/memory_repo.go:59.13,61.3 1 0
github.com/iluyuns/alpha-trade/internal/infra/risk/memory_repo.go:63.2,65.12 3 1
github.com/iluyuns/alpha-trade/internal/infra/risk/memory_repo.go:69.100,75.13 5 1
github.com/iluyuns/alpha-trade/internal/infra/risk/memory_repo.go:75.13,77.3 1 0
github.com/iluyuns/alpha-trade/internal/infra/risk/memory_repo.go:80.2,84.22 3 1
github.com/iluyuns/alpha-trade/internal/infra/risk/memory_repo.go:84.22,86.3 1 1
github.com/iluyuns/alpha-trade/internal/infra/risk/memory_repo.go:86.8,86.29 1 1
github.com/iluyuns/alpha-trade/internal/infra/risk/memory_repo.go:86.29,88.3 1 1
github.com/iluyuns/alpha-trade/internal/infra/risk/memory_repo.go:90.2,92.12 3 1
github.com/iluyuns/alpha-trade/internal/infra/risk/memory_repo.go:96.109,102.13 5 1
github.com/iluyuns/alpha-trade/internal/infra/risk/memory_repo.go:102.13,104.3 1 0
github.com/iluyuns/alpha-trade/internal/infra/risk/memory_repo.go:106.2,108.12 3 1
github.com/iluyuns/alpha-trade/internal/infra/risk/memory_repo.go:112.91,118.13 5 1
github.com/iluyuns/alpha-trade/internal/infra/risk/memory_repo.go:118.13,120.3 1 0
github.com/iluyuns/alpha-trade/internal/infra/risk/memory_repo.go:122.2,124.12 3 1
github.com/iluyuns/alpha-trade/internal/infra/risk/memory_repo.go:128.100,134.13 5 1
github.com/iluyuns/alpha-trade/internal/infra/risk/memory_repo.go:134.13,136.3 1 0
github.com/iluyuns/alpha-trade/internal/infra/risk/memory_repo.go:138.2,138.80 1 1
github.com/iluyuns/alpha-trade/internal/infra/risk/memory_repo.go:138.80,140.3 1 1
github.com/iluyuns/alpha-trade/internal/infra/risk/memory_repo.go:142.2,142.19 1 1
github.com/iluyuns/alpha-trade/internal/infra/risk/memory_repo.go:146.47,147.18 1 1
github.com/iluyuns/alpha-trade/internal/infra/risk/memory_repo.go:147.18,149.3 1 1
github.com/iluyuns/alpha-trade/internal/infra/risk/memory_repo.go:150.2,150.33 1 0
github.com/iluyuns/alpha-trade/internal/infra/risk/memory_repo.go:154.57,174.38 2 1
github.com/iluyuns/alpha-trade/internal/infra/risk/memory_repo.go:174.38,176.3 1 0
github.com/iluyuns/alpha-trade/internal/infra/risk/memory_repo.go:178.2,178.15 1 1
github.com/iluyuns/alpha-trade/internal/logic/risk/decision.go:17.35,18.11 1 0
github.com/iluyuns/alpha-trade/internal/logic/risk/decision.go:19.13,20.17 1 0
github.com/iluyuns/alpha-trade/internal/logic/risk/decision.go:21.13,22.17 1 0
github.com/iluyuns/alpha-trade/internal/logic/risk/decision.go:23.14,24.18 1 0
github.com/iluyuns/alpha-trade/internal/logic/risk/decision.go:25.10,26.19 1 0
github.com/iluyuns/alpha-trade/internal/logic/risk/decision.go:44.32,49.2 1 1
github.com/iluyuns/alpha-trade/internal/logic/risk/decision.go:52.51,58.2 1 1
github.com/iluyuns/alpha-trade/internal/logic/risk/decision.go:61.96,69.2 1 1
github.com/iluyuns/alpha-trade/internal/logic/risk/decision.go:72.42,74.2 1 0
github.com/iluyuns/alpha-trade/internal/logic/risk/decision.go:77.42,79.2 1 1
github.com/iluyuns/alpha-trade/internal/logic/risk/decision.go:82.45,84.2 1 1
github.com/iluyuns/alpha-trade/internal/logic/risk/manager.go:68.65,74.2 1 1
github.com/iluyuns/alpha-trade/internal/logic/risk/manager.go:78.97,81.16 2 0
github.com/iluyuns/alpha-trade/internal/logic/risk/manager.go:81.16,83.3 1 0
github.com/iluyuns/alpha-trade/internal/logic/risk/manager.go:86.2,86.40 1 0
github.com/iluyuns/alpha-trade/internal/logic/risk/manager.go:86.40,89.3 2 0
github.com/iluyuns/alpha-trade/internal/logic/risk/manager.go:92.2,98.29 2 0
github.com/iluyuns/alpha-trade/internal/logic/risk/manager.go:98.29,100.28 2 0
github.com/iluyuns/alpha-trade/internal/logic/risk/manager.go:100.28,102.4 1 0
github.com/iluyuns/alpha-trade/internal/logic/risk/manager.go:105.2,105.24 1 0
github.com/iluyuns/alpha-trade/internal/logic/risk/manager.go:112.102,118.12 5 0
github.com/iluyuns/alpha-trade/internal/logic/risk/manager.go:118.12,120.3 1 0
github.com/iluyuns/alpha-trade/internal/logic/risk/manager.go:123.2,124.16 2 0
github.com/iluyuns/alpha-trade/internal/logic/risk/manager.go:124.16,126.3 1 0
github.com/iluyuns/alpha-trade/internal/logic/risk/manager.go:129.2,133.19 4 0
github.com/iluyuns/alpha-trade/internal/logic/risk/manager.go:137.61,141.2 3 0
github.com/iluyuns/alpha-trade/internal/logic/risk/manager.go:144.113,147.2 1 0
github.com/iluyuns/alpha-trade/internal/logic/risk/rule_circuit_breaker.go:17.118,19.32 1 1
github.com/iluyuns/alpha-trade/internal/logic/risk/rule_circuit_breaker.go:19.32,20.51 1 1
github.com/iluyuns/alpha-trade/internal/logic/risk/rule_circuit_breaker.go:20.51,25.4 1 1
github.com/iluyuns/alpha-trade/internal/logic/risk/rule_circuit_breaker.go:27.3,28.35 2 0
github.com/iluyuns/alpha-trade/internal/logic/risk/rule_circuit_breaker.go:32.2,32.99 1 1
github.com/iluyuns/alpha-trade/internal/logic/risk/rule_circuit_breaker.go:32.99,42.3 3 1
github.com/iluyuns/alpha-trade/internal/logic/risk/rule_circuit_breaker.go:45.2,45.71 1 1
github.com/iluyuns/alpha-trade/internal/logic/risk/rule_circuit_breaker.go:45.71,47.51 2 1
github.com/iluyuns/alpha-trade/internal/logic/risk/rule_circuit_breaker.go:47.51,56.4 3 1
github.com/iluyuns/alpha-trade/internal/logic/risk/rule_circuit_breaker.go:60.2,60.30 1 1
github.com/iluyuns/alpha-trade/internal/logic/risk/rule_circuit_breaker.go:60.30,62.46 2 0
github.com/iluyuns/alpha-trade/internal/logic/risk/rule_circuit_breaker.go:62.46,71.4 3 0
github.com/iluyuns/alpha-trade/internal/logic/risk/rule_circuit_breaker.go:74.2,74.19 1 1
github.com/iluyuns/alpha-trade/internal/logic/risk/rule_circuit_breaker.go:78.118,80.2 1 0
github.com/iluyuns/alpha-trade/internal/logic/risk/rule_position_limit.go:17.117,22.79 2 1
github.com/iluyuns/alpha-trade/internal/logic/risk/rule_position_limit.go:22.79,27.58 4 1
github.com/iluyuns/alpha-trade/internal/logic/risk/rule_position_limit.go:27.58,32.42 3 1
github.com/iluyuns/alpha-trade/internal/logic/risk/rule_position_limit.go:32.42,38.5 1 1
github.com/iluyuns/alpha-trade/internal/logic/risk/rule_position_limit.go:41.4,42.22 2 1
github.com/iluyuns/alpha-trade/internal/logic/risk/rule_position_limit.go:42.22,44.5 1 0
github.com/iluyuns/alpha-trade/internal/logic/risk/rule_position_limit.go:45.4,51.5 2 1
github.com/iluyuns/alpha-trade/internal/logic/risk/rule_position_limit.go:56.2,56.78 1 1
github.com/iluyuns/alpha-trade/internal/logic/risk/rule_position_limit.go:56.78,60.57 3 1
github.com/iluyuns/alpha-trade/internal/logic/risk/rule_position_limit.go:60.57,66.4 1 1
github.com/iluyuns/alpha-trade/internal/logic/risk/rule_position_limit.go:70.2,70.76 1 1
github.com/iluyuns/alpha-trade/internal/logic/risk/rule_position_limit.go:70.76,74.37 3 0
github.com/iluyuns/alpha-trade/internal/logic/risk/rule_position_limit.go:74.37,81.4 1 0
github.com/iluyuns/alpha-trade/internal/logic/risk/rule_position_limit.go:85.2,85.46 1 1
github.com/iluyuns/alpha-trade/internal/logic/risk/rule_position_limit.go:85.46,86.70 1 1
github.com/iluyuns/alpha-trade/internal/logic/risk/rule_position_limit.go:86.70,93.4 1 1
github.com/iluyuns/alpha-trade/internal/logic/risk/rule_position_limit.go:96.3,96.68 1 1
github.com/iluyuns/alpha-trade/internal/logic/risk/rule_position_limit.go:96.68,98.75 2 1
github.com/iluyuns/alpha-trade/internal/logic/risk/rule_position_limit.go:98.75,105.5 1 1
github.com/iluyuns/alpha-trade/internal/logic/risk/rule_position_limit.go:109.2,109.19 1 1
github.com/iluyuns/alpha-trade/internal/logic/risk/rule_position_limit.go:113.117,115.2 1 0
github.com/iluyuns/alpha-trade/internal/logic/risk/rule_position_limit.go:118.55,120.20 2 1
github.com/iluyuns/alpha-trade/internal/logic/risk/rule_position_limit.go:120.20,123.3 1 0
github.com/iluyuns/alpha-trade/internal/logic/risk/rule_position_limit.go:125.2,128.66 2 1
github.com/iluyuns/alpha-trade/internal/logic/risk/rule_position_limit.go:128.66,130.3 1 1
github.com/iluyuns/alpha-trade/internal/logic/risk/rule_position_limit.go:132.2,132.17 1 1
github.com/iluyuns/alpha-trade/internal/domain/model/market.go:31.35,33.2 1 1
github.com/iluyuns/alpha-trade/internal/domain/model/market.go:36.35,38.2 1 1
github.com/iluyuns/alpha-trade/internal/domain/model/market.go:41.31,43.2 1 1
github.com/iluyuns/alpha-trade/internal/domain/model/market.go:46.32,48.2 1 1
github.com/iluyuns/alpha-trade/internal/domain/model/market.go:51.38,52.19 1 1
github.com/iluyuns/alpha-trade/internal/domain/model/market.go:52.19,54.3 1 1
github.com/iluyuns/alpha-trade/internal/domain/model/market.go:55.2,55.27 1 1
github.com/iluyuns/alpha-trade/internal/domain/model/market.go:59.38,60.19 1 1
github.com/iluyuns/alpha-trade/internal/domain/model/market.go:60.19,62.3 1 1
github.com/iluyuns/alpha-trade/internal/domain/model/market.go:63.2,63.27 1 1
github.com/iluyuns/alpha-trade/internal/domain/model/money.go:15.44,17.16 2 1
github.com/iluyuns/alpha-trade/internal/domain/model/money.go:17.16,19.3 1 1
github.com/iluyuns/alpha-trade/internal/domain/model/money.go:20.2,20.25 1 1
github.com/iluyuns/alpha-trade/internal/domain/model/money.go:24.36,26.16 2 1
github.com/iluyuns/alpha-trade/internal/domain/model/money.go:26.16,27.13 1 0
github.com/iluyuns/alpha-trade/internal/domain/model/money.go:29.2,29.10 1 1
github.com/iluyuns/alpha-trade/internal/domain/model/money.go:33.41,35.2 1 0
github.com/iluyuns/alpha-trade/internal/domain/model/money.go:38.37,40.2 1 0
github.com/iluyuns/alpha-trade/internal/domain/model/money.go:43.19,45.2 1 1
github.com/iluyuns/alpha-trade/internal/domain/model/money.go:48.39,50.2 1 1
github.com/iluyuns/alpha-trade/internal/domain/model/money.go:53.39,55.2 1 1
github.com/iluyuns/alpha-trade/internal/domain/model/money.go:58.39,60.2 1 1
github.com/iluyuns/alpha-trade/internal/domain/model/money.go:63.39,65.2 1 1
github.com/iluyuns/alpha-trade/internal/domain/model/money.go:68.37,70.2 1 1
github.com/iluyuns/alpha-trade/internal/domain/model/money.go:73.37,75.2 1 1
github.com/iluyuns/alpha-trade/internal/domain/model/money.go:78.37,80.2 1 1
github.com/iluyuns/alpha-trade/internal/domain/model/money.go:83.37,85.2 1 1
github.com/iluyuns/alpha-trade/internal/domain/model/money.go:88.37,90.2 1 1
github.com/iluyuns/alpha-trade/internal/domain/model/money.go:93.30,95.2 1 1
github.com/iluyuns/alpha-trade/internal/domain/model/money.go:98.34,100.2 1 1
github.com/iluyuns/alpha-trade/internal/domain/model/money.go:103.34,105.2 1 1
github.com/iluyuns/alpha-trade/internal/domain/model/money.go:108.28,110.2 1 1
github.com/iluyuns/alpha-trade/internal/domain/model/money.go:113.28,115.2 1 1
github.com/iluyuns/alpha-trade/internal/domain/model/money.go:118.32,120.2 1 1
github.com/iluyuns/alpha-trade/internal/domain/model/money.go:123.34,126.2 2 0
github.com/iluyuns/alpha-trade/internal/domain/model/money.go:129.42,131.2 1 0
github.com/iluyuns/alpha-trade/internal/domain/model/order.go:13.36,14.11 1 1
github.com/iluyuns/alpha-trade/internal/domain/model/order.go:15.20,16.15 1 1
github.com/iluyuns/alpha-trade/internal/domain/model/order.go:17.21,18.16 1 1
github.com/iluyuns/alpha-trade/internal/domain/model/order.go:19.10,20.19 1 1
github.com/iluyuns/alpha-trade/internal/domain/model/order.go:34.36,35.11 1 1
github.com/iluyuns/alpha-trade/internal/domain/model/order.go:36.22,37.17 1 1
github.com/iluyuns/alpha-trade/internal/domain/model/order.go:38.23,39.18 1 1
github.com/iluyuns/alpha-trade/internal/domain/model/order.go:40.20,41.15 1 1
github.com/iluyuns/alpha-trade/internal/domain/model/order.go:42.20,43.15 1 1
github.com/iluyuns/alpha-trade/internal/domain/model/order.go:44.10,45.19 1 1
github.com/iluyuns/alpha-trade/internal/domain/model/order.go:61.38,62.11 1 1
github.com/iluyuns/alpha-trade/internal/domain/model/order.go:63.26,64.19 1 1
github.com/iluyuns/alpha-trade/internal/domain/model/order.go:65.28,66.21 1 1
github.com/iluyuns/alpha-trade/internal/domain/model/order.go:67.32,68.26 1 1
github.com/iluyuns/alpha-trade/internal/domain/model/order.go:69.25,70.18 1 1
github.com/iluyuns/alpha-trade/internal/domain/model/order.go:71.28,72.21 1 1
github.com/iluyuns/alpha-trade/internal/domain/model/order.go:73.27,74.20 1 1
github.com/iluyuns/alpha-trade/internal/domain/model/order.go:75.10,76.19 1 1
github.com/iluyuns/alpha-trade/internal/domain/model/order.go:88.37,89.11 1 1
github.com/iluyuns/alpha-trade/internal/domain/model/order.go:90.22,91.16 1 1
github.com/iluyuns/alpha-trade/internal/domain/model/order.go:92.24,93.18 1 1
github.com/iluyuns/alpha-trade/internal/domain/model/order.go:94.10,95.19 1 1
github.com/iluyuns/alpha-trade/internal/domain/model/order.go:134.33,136.2 1 1
github.com/iluyuns/alpha-trade/internal/domain/model/order.go:139.33,143.2 1 1
github.com/iluyuns/alpha-trade/internal/domain/model/order.go:146.33,150.2 1 1
github.com/iluyuns/alpha-trade/internal/domain/model/order.go:153.39,154.25 1 1
github.com/iluyuns/alpha-trade/internal/domain/model/order.go:154.25,156.3 1 1
github.com/iluyuns/alpha-trade/internal/domain/model/order.go:157.2,157.33 1 1
github.com/iluyuns/alpha-trade/internal/domain/model/order.go:161.38,163.2 1 1
github.com/iluyuns/alpha-trade/internal/domain/model/risk_state.go:38.69,51.2 1 0
github.com/iluyuns/alpha-trade/internal/domain/model/risk_state.go:54.52,58.33 2 0
github.com/iluyuns/alpha-trade/internal/domain/model/risk_state.go:58.33,60.3 1 0
github.com/iluyuns/alpha-trade/internal/domain/model/risk_state.go:63.2,63.32 1 0
github.com/iluyuns/alpha-trade/internal/domain/model/risk_state.go:63.32,67.3 3 0
github.com/iluyuns/alpha-trade/internal/domain/model/risk_state.go:69.2,69.27 1 0
github.com/iluyuns/alpha-trade/internal/domain/model/risk_state.go:73.35,77.2 3 0
github.com/iluyuns/alpha-trade/internal/domain/model/risk_state.go:80.47,83.2 2 0
github.com/iluyuns/alpha-trade/internal/domain/model/risk_state.go:86.65,90.2 3 0
github.com/iluyuns/alpha-trade/internal/domain/model/risk_state.go:93.44,97.2 3 0
github.com/iluyuns/alpha-trade/internal/domain/model/risk_state.go:100.59,102.2 1 0
github.com/iluyuns/alpha-trade/internal/domain/model/risk_state.go:105.35,110.2 4 0
github.com/iluyuns/alpha-trade/internal/domain/model/risk_state.go:113.32,117.2 3 0
github.com/iluyuns/alpha-trade/internal/gateway/mock/spot_exchange.go:39.75,41.44 2 1
github.com/iluyuns/alpha-trade/internal/gateway/mock/spot_exchange.go:41.44,49.3 1 1
github.com/iluyuns/alpha-trade/internal/gateway/mock/spot_exchange.go:51.2,61.3 1 1
github.com/iluyuns/alpha-trade/internal/gateway/mock/spot_exchange.go:65.111,70.61 3 1
github.com/iluyuns/alpha-trade/internal/gateway/mock/spot_exchange.go:70.61,72.3 1 0
github.com/iluyuns/alpha-trade/internal/gateway/mock/spot_exchange.go:75.2,91.26 2 1
github.com/iluyuns/alpha-trade/internal/gateway/mock/spot_exchange.go:91.26,92.44 1 1
github.com/iluyuns/alpha-trade/internal/gateway/mock/spot_exchange.go:92.44,96.4 3 0
github.com/iluyuns/alpha-trade/internal/gateway/mock/spot_exchange.go:99.2,100.19 2 1
github.com/iluyuns/alpha-trade/internal/gateway/mock/spot_exchange.go:104.60,107.41 2 1
github.com/iluyuns/alpha-trade/internal/gateway/mock/spot_exchange.go:107.41,109.14 2 1
github.com/iluyuns/alpha-trade/internal/gateway/mock/spot_exchange.go:109.14,111.4 1 0
github.com/iluyuns/alpha-trade/internal/gateway/mock/spot_exchange.go:113.3,114.39 2 1
github.com/iluyuns/alpha-trade/internal/gateway/mock/spot_exchange.go:114.39,116.4 1 1
github.com/iluyuns/alpha-trade/internal/gateway/mock/spot_exchange.go:116.9,118.4 1 0
github.com/iluyuns/alpha-trade/internal/gateway/mock/spot_exchange.go:122.2,124.38 2 1
github.com/iluyuns/alpha-trade/internal/gateway/mock/spot_exchange.go:124.38,131.45 5 1
github.com/iluyuns/alpha-trade/internal/gateway/mock/spot_exchange.go:131.45,133.4 1 0
github.com/iluyuns/alpha-trade/internal/gateway/mock/spot_exchange.go:135.3,140.51 5 1
github.com/iluyuns/alpha-trade/internal/gateway/mock/spot_exchange.go:142.8,145.49 2 0
github.com/iluyuns/alpha-trade/internal/gateway/mock/spot_exchange.go:145.49,147.4 1 0
github.com/iluyuns/alpha-trade/internal/gateway/mock/spot_exchange.go:149.3,158.54 8 0
github.com/iluyuns/alpha-trade/internal/gateway/mock/spot_exchange.go:162.2,168.12 6 1
github.com/iluyuns/alpha-trade/internal/gateway/mock/spot_exchange.go:172.97,177.13 4 0
github.com/iluyuns/alpha-trade/internal/gateway/mock/spot_exchange.go:177.13,179.3 1 0
github.com/iluyuns/alpha-trade/internal/gateway/mock/spot_exchange.go:181.2,181.22 1 0
github.com/iluyuns/alpha-trade/internal/gateway/mock/spot_exchange.go:181.22,183.3 1 0
github.com/iluyuns/alpha-trade/internal/gateway/mock/spot_exchange.go:185.2,187.12 3 0
github.com/iluyuns/alpha-trade/internal/gateway/mock/spot_exchange.go:191.98,196.13 4 0
github.com/iluyuns/alpha-trade/internal/gateway/mock/spot_exchange.go:196.13,198.3 1 0
github.com/iluyuns/alpha-trade/internal/gateway/mock/spot_exchange.go:200.2,200.19 1 0
github.com/iluyuns/alpha-trade/internal/gateway/mock/spot_exchange.go:204.97,209.13 4 1
github.com/iluyuns/alpha-trade/internal/gateway/mock/spot_exchange.go:209.13,217.3 1 0
github.com/iluyuns/alpha-trade/internal/gateway/mock/spot_exchange.go:219.2,219.21 1 1
github.com/iluyuns/alpha-trade/internal/gateway/mock/spot_exchange.go:223.89,228.33 4 0
github.com/iluyuns/alpha-trade/internal/gateway/mock/spot_exchange.go:228.33,230.3 1 0
github.com/iluyuns/alpha-trade/internal/gateway/mock/spot_exchange.go:232.2,232.22 1 0
github.com/iluyuns/alpha-trade/internal/gateway/mock/spot_exchange.go:236.67,240.2 3 1
github.com/iluyuns/alpha-trade/internal/gateway/mock/spot_exchange.go:243.75,244.46 1 1
github.com/iluyuns/alpha-trade/internal/gateway/mock/spot_exchange.go:244.46,246.3 1 1
github.com/iluyuns/alpha-trade/internal/gateway/mock/spot_exchange.go:248.2,256.12 3 0
github.com/iluyuns/alpha-trade/internal/gateway/mock/spot_exchange.go:260.54,262.57 1 1
github.com/iluyuns/alpha-trade/internal/gateway/mock/spot_exchange.go:262.57,264.3 1 1
github.com/iluyuns/alpha-trade/internal/gateway/mock/spot_exchange.go:266.2,266.31 1 0
